D:\Programs\Microsoft Visual Studio\2017\Community\Common7\IDE\VC\VCTargets\Microsoft.CppBuild.targets(387,5): warning MSB8028: The intermediate directory (Debug\) contains files shared from another project (NYUCodebase.vcxproj, Pong.vcxproj).  This can lead to incorrect clean and rebuild behavior.
  main.cpp
d:\documents\github\cs-3113-projects\homework3\nyucodebase\main.cpp(53): warning C4018: '<': signed/unsigned mismatch
d:\documents\github\cs-3113-projects\homework3\nyucodebase\main.cpp(110): warning C4244: 'argument': conversion from 'float' to 'const unsigned int', possible loss of data
d:\documents\github\cs-3113-projects\homework3\nyucodebase\main.cpp(126): warning C4305: '=': truncation from 'double' to 'float'
d:\documents\github\cs-3113-projects\homework3\nyucodebase\main.cpp(147): warning C4305: '=': truncation from 'double' to 'float'
d:\documents\github\cs-3113-projects\homework3\nyucodebase\main.cpp(148): warning C4305: '=': truncation from 'double' to 'float'
d:\documents\github\cs-3113-projects\homework3\nyucodebase\main.cpp(194): warning C4305: 'argument': truncation from 'double' to 'float'
d:\documents\github\cs-3113-projects\homework3\nyucodebase\main.cpp(221): warning C4305: 'argument': truncation from 'double' to 'float'
d:\documents\github\cs-3113-projects\homework3\nyucodebase\main.cpp(374): warning C4305: 'argument': truncation from 'double' to 'float'
d:\documents\github\cs-3113-projects\homework3\nyucodebase\main.cpp(380): warning C4244: 'argument': conversion from 'double' to 'float', possible loss of data
d:\documents\github\cs-3113-projects\homework3\nyucodebase\main.cpp(381): warning C4305: 'argument': truncation from 'double' to 'float'
d:\documents\github\cs-3113-projects\homework3\nyucodebase\main.cpp(389): warning C4305: 'argument': truncation from 'double' to 'float'
d:\documents\github\cs-3113-projects\homework3\nyucodebase\main.cpp(393): warning C4305: '=': truncation from 'double' to 'float'
d:\documents\github\cs-3113-projects\homework3\nyucodebase\main.cpp(478): warning C4305: '=': truncation from 'double' to 'float'
d:\documents\github\cs-3113-projects\homework3\nyucodebase\main.cpp(559): warning C4305: '=': truncation from 'double' to 'float'
d:\documents\github\cs-3113-projects\homework3\nyucodebase\main.cpp(560): warning C4305: '=': truncation from 'double' to 'float'
d:\documents\github\cs-3113-projects\homework3\nyucodebase\main.cpp(595): warning C4244: '=': conversion from 'double' to 'float', possible loss of data
d:\documents\github\cs-3113-projects\homework3\nyucodebase\main.cpp(596): warning C4244: '=': conversion from 'double' to 'float', possible loss of data
  Generating Code...
  Skipping... (no relevant changes detected)
  ShaderProgram.cpp
  Matrix.cpp
  NYUCodebase.vcxproj -> D:\Documents\Github\CS-3113-Projects\Homework3\Debug\Space Invaders.exe
