  main.cpp
d:\documents\github\cs-3113-projects\final project\nyucodebase\main.cpp(41): warning C4018: '<': signed/unsigned mismatch
d:\documents\github\cs-3113-projects\final project\nyucodebase\main.cpp(184): warning C4305: '=': truncation from 'double' to 'float'
d:\documents\github\cs-3113-projects\final project\nyucodebase\main.cpp(353): warning C4305: 'initializing': truncation from 'double' to 'float'
d:\documents\github\cs-3113-projects\final project\nyucodebase\main.cpp(283): warning C4305: '=': truncation from 'double' to 'float'
d:\documents\github\cs-3113-projects\final project\nyucodebase\main.cpp(286): warning C4305: '=': truncation from 'double' to 'float'
d:\documents\github\cs-3113-projects\final project\nyucodebase\main.cpp(292): warning C4305: '=': truncation from 'double' to 'float'
d:\documents\github\cs-3113-projects\final project\nyucodebase\main.cpp(295): warning C4305: '=': truncation from 'double' to 'float'
d:\documents\github\cs-3113-projects\final project\nyucodebase\main.cpp(298): warning C4305: '=': truncation from 'double' to 'float'
d:\documents\github\cs-3113-projects\final project\nyucodebase\main.cpp(301): warning C4305: '=': truncation from 'double' to 'float'
d:\documents\github\cs-3113-projects\final project\nyucodebase\main.cpp(304): warning C4305: '=': truncation from 'double' to 'float'
d:\documents\github\cs-3113-projects\final project\nyucodebase\main.cpp(307): warning C4305: '=': truncation from 'double' to 'float'
d:\documents\github\cs-3113-projects\final project\nyucodebase\main.cpp(393): warning C4305: 'argument': truncation from 'double' to 'float'
d:\documents\github\cs-3113-projects\final project\nyucodebase\main.cpp(438): warning C4244: 'initializing': conversion from 'double' to 'float', possible loss of data
d:\documents\github\cs-3113-projects\final project\nyucodebase\main.cpp(439): warning C4244: 'initializing': conversion from 'double' to 'float', possible loss of data
d:\documents\github\cs-3113-projects\final project\nyucodebase\main.cpp(514): warning C4305: 'initializing': truncation from 'double' to 'float'
d:\documents\github\cs-3113-projects\final project\nyucodebase\main.cpp(607): warning C4305: '+=': truncation from 'double' to 'float'
d:\documents\github\cs-3113-projects\final project\nyucodebase\main.cpp(614): warning C4305: '+=': truncation from 'double' to 'float'
d:\documents\github\cs-3113-projects\final project\nyucodebase\main.cpp(669): warning C4244: '=': conversion from 'double' to 'float', possible loss of data
d:\documents\github\cs-3113-projects\final project\nyucodebase\main.cpp(671): warning C4244: '=': conversion from 'double' to 'float', possible loss of data
d:\documents\github\cs-3113-projects\final project\nyucodebase\main.cpp(672): warning C4244: '=': conversion from 'double' to 'float', possible loss of data
d:\documents\github\cs-3113-projects\final project\nyucodebase\main.cpp(694): warning C4305: 'argument': truncation from 'double' to 'float'
d:\documents\github\cs-3113-projects\final project\nyucodebase\main.cpp(695): warning C4305: 'argument': truncation from 'double' to 'float'
d:\documents\github\cs-3113-projects\final project\nyucodebase\main.cpp(696): warning C4305: 'argument': truncation from 'double' to 'float'
d:\documents\github\cs-3113-projects\final project\nyucodebase\main.cpp(697): warning C4305: 'argument': truncation from 'double' to 'float'
d:\documents\github\cs-3113-projects\final project\nyucodebase\main.cpp(698): warning C4305: 'argument': truncation from 'double' to 'float'
d:\documents\github\cs-3113-projects\final project\nyucodebase\main.cpp(699): warning C4305: 'argument': truncation from 'double' to 'float'
d:\documents\github\cs-3113-projects\final project\nyucodebase\main.cpp(700): warning C4305: 'argument': truncation from 'double' to 'float'
d:\documents\github\cs-3113-projects\final project\nyucodebase\main.cpp(701): warning C4305: 'argument': truncation from 'double' to 'float'
d:\documents\github\cs-3113-projects\final project\nyucodebase\main.cpp(706): warning C4305: 'argument': truncation from 'double' to 'float'
d:\documents\github\cs-3113-projects\final project\nyucodebase\main.cpp(708): warning C4305: 'argument': truncation from 'double' to 'float'
d:\documents\github\cs-3113-projects\final project\nyucodebase\main.cpp(709): warning C4305: 'argument': truncation from 'double' to 'float'
d:\documents\github\cs-3113-projects\final project\nyucodebase\main.cpp(710): warning C4305: 'argument': truncation from 'double' to 'float'
d:\documents\github\cs-3113-projects\final project\nyucodebase\main.cpp(711): warning C4305: 'argument': truncation from 'double' to 'float'
d:\documents\github\cs-3113-projects\final project\nyucodebase\main.cpp(713): warning C4305: 'argument': truncation from 'double' to 'float'
d:\documents\github\cs-3113-projects\final project\nyucodebase\main.cpp(714): warning C4305: 'argument': truncation from 'double' to 'float'
d:\documents\github\cs-3113-projects\final project\nyucodebase\main.cpp(715): warning C4305: 'argument': truncation from 'double' to 'float'
d:\documents\github\cs-3113-projects\final project\nyucodebase\main.cpp(716): warning C4305: 'argument': truncation from 'double' to 'float'
d:\documents\github\cs-3113-projects\final project\nyucodebase\main.cpp(717): warning C4305: 'argument': truncation from 'double' to 'float'
d:\documents\github\cs-3113-projects\final project\nyucodebase\main.cpp(719): warning C4305: 'argument': truncation from 'double' to 'float'
d:\documents\github\cs-3113-projects\final project\nyucodebase\main.cpp(720): warning C4305: 'argument': truncation from 'double' to 'float'
d:\documents\github\cs-3113-projects\final project\nyucodebase\main.cpp(721): warning C4305: 'argument': truncation from 'double' to 'float'
d:\documents\github\cs-3113-projects\final project\nyucodebase\main.cpp(722): warning C4305: 'argument': truncation from 'double' to 'float'
d:\documents\github\cs-3113-projects\final project\nyucodebase\main.cpp(723): warning C4305: 'argument': truncation from 'double' to 'float'
d:\documents\github\cs-3113-projects\final project\nyucodebase\main.cpp(724): warning C4305: 'argument': truncation from 'double' to 'float'
d:\documents\github\cs-3113-projects\final project\nyucodebase\main.cpp(726): warning C4305: 'argument': truncation from 'double' to 'float'
d:\documents\github\cs-3113-projects\final project\nyucodebase\main.cpp(727): warning C4305: 'argument': truncation from 'double' to 'float'
d:\documents\github\cs-3113-projects\final project\nyucodebase\main.cpp(728): warning C4305: 'argument': truncation from 'double' to 'float'
d:\documents\github\cs-3113-projects\final project\nyucodebase\main.cpp(729): warning C4305: 'argument': truncation from 'double' to 'float'
d:\documents\github\cs-3113-projects\final project\nyucodebase\main.cpp(841): warning C4305: 'argument': truncation from 'double' to 'GLclampf'
d:\documents\github\cs-3113-projects\final project\nyucodebase\main.cpp(843): warning C4305: 'argument': truncation from 'double' to 'float'
d:\documents\github\cs-3113-projects\final project\nyucodebase\main.cpp(860): warning C4305: '=': truncation from 'double' to 'float'
d:\documents\github\cs-3113-projects\final project\nyucodebase\main.cpp(861): warning C4305: '=': truncation from 'double' to 'float'
  NYUCodebase.vcxproj -> D:\Documents\Github\CS-3113-Projects\Final Project\Debug\Game.exe
